[debug] [2019-03-13T10:12:11.012Z] ----------------------------------------------------------------------
[debug] [2019-03-13T10:12:11.014Z] Command:       C:\Program Files\nodejs\node.exe C:\Users\Himanshu.Advani\AppData\Roaming\npm\node_modules\firebase-tools\lib\bin\firebase.js init
[debug] [2019-03-13T10:12:11.014Z] CLI Version:   6.5.0
[debug] [2019-03-13T10:12:11.014Z] Platform:      win32
[debug] [2019-03-13T10:12:11.014Z] Node Version:  v10.15.1
[debug] [2019-03-13T10:12:11.015Z] Time:          Wed Mar 13 2019 15:42:11 GMT+0530 (India Standard Time)
[debug] [2019-03-13T10:12:11.015Z] ----------------------------------------------------------------------
[debug] 
[debug] [2019-03-13T10:12:11.021Z] > command requires scopes: ["email","openid","https://www.googleapis.com/auth/cloudplatformprojects.readonly","https://www.googleapis.com/auth/firebase","https://www.googleapis.com/auth/cloud-platform"]
[debug] [2019-03-13T10:12:11.022Z] > authorizing via signed-in user
[info] 
     ######## #### ########  ######## ########     ###     ######  ########
     ##        ##  ##     ## ##       ##     ##  ##   ##  ##       ##
     ######    ##  ########  ######   ########  #########  ######  ######
     ##        ##  ##    ##  ##       ##     ## ##     ##       ## ##
     ##       #### ##     ## ######## ########  ##     ##  ######  ########

You're about to initialize a Firebase project in this directory:

  D:\Angular Projects\Market

[info] 
=== Project Setup
[info] 
[info] First, let's associate this project directory with a Firebase project.
[info] You can create multiple project aliases by running firebase use --add, 
[info] but for now we'll just set up a default project.
[info] 
[debug] [2019-03-13T10:12:16.427Z] > refreshing access token with scopes: ["email","https://www.googleapis.com/auth/cloud-platform","https://www.googleapis.com/auth/cloudplatformprojects.readonly","https://www.googleapis.com/auth/firebase","openid"]
[debug] [2019-03-13T10:12:16.427Z] >>> HTTP REQUEST POST https://www.googleapis.com/oauth2/v3/token  
 <request body omitted>
[debug] [2019-03-13T10:12:16.883Z] <<< HTTP RESPONSE 200
[debug] [2019-03-13T10:12:16.903Z] >>> HTTP REQUEST GET https://firebase.googleapis.com/v1beta1/projects?page_size=100  
 
[debug] [2019-03-13T10:12:17.632Z] Error: self signed certificate in certificate chain
    at TLSSocket.onConnectSecure (_tls_wrap.js:1051:34)
    at TLSSocket.emit (events.js:189:13)
    at TLSSocket.EventEmitter.emit (domain.js:441:20)
    at TLSSocket._finishInit (_tls_wrap.js:633:8)
[error] 
[error] Error: Server Error. self signed certificate in certificate chain
